# JRE version: OpenJDK Runtime Environment (8.0_152-b06) (build 1.8.0_152-release-1136-b06)
# Java VM: OpenJDK 64-Bit Server VM (25.152-b06 mixed mode bsd-amd64 compressed oops)
Heap:
 PSYoungGen      total 497152K, used 378217K [0x00000007a0000000, 0x00000007bfd80000, 0x00000007c0000000)
  eden space 475648K, 77% used [0x00000007a0000000,0x00000007b692d8f8,0x00000007bd080000)
  from space 21504K, 38% used [0x00000007be880000,0x00000007bf0acea8,0x00000007bfd80000)
  to   space 23040K, 0% used [0x00000007bd080000,0x00000007bd080000,0x00000007be700000)
 ParOldGen       total 183296K, used 37416K [0x0000000760000000, 0x000000076b300000, 0x00000007a0000000)
  object space 183296K, 20% used [0x0000000760000000,0x000000076248a1e0,0x000000076b300000)
 Metaspace       used 65133K, capacity 67722K, committed 67840K, reserved 1107968K
  class space    used 8501K, capacity 9102K, committed 9216K, reserved 1048576K
GC Heap History (10 events):
Event: 363.454 GC heap before
{Heap before GC invocations=13 (full 3):
 PSYoungGen      total 263680K, used 241664K [0x00000007a0000000, 0x00000007b8200000, 0x00000007c0000000)
  eden space 242176K, 99% used [0x00000007a0000000,0x00000007aec00378,0x00000007aec80000)
  from space 21504K, 0% used [0x00000007aec80000,0x00000007aec80000,0x00000007b0180000)
  to   space 25088K, 0% used [0x00000007b6980000,0x00000007b6980000,0x00000007b8200000)
 ParOldGen       total 183296K, used 35472K [0x0000000760000000, 0x000000076b300000, 0x00000007a0000000)
  object space 183296K, 19% used [0x0000000760000000,0x00000007622a42a0,0x000000076b300000)
 Metaspace       used 63323K, capacity 65646K, committed 65792K, reserved 1105920K
  class space    used 8424K, capacity 8942K, committed 8960K, reserved 1048576K
Event: 363.464 GC heap after
Heap after GC invocations=13 (full 3):
 PSYoungGen      total 339968K, used 13323K [0x00000007a0000000, 0x00000007b7700000, 0x00000007c0000000)
  eden space 326144K, 0% used [0x00000007a0000000,0x00000007a0000000,0x00000007b3e80000)
  from space 13824K, 96% used [0x00000007b6980000,0x00000007b7682ed8,0x00000007b7700000)
  to   space 24064K, 0% used [0x00000007b4800000,0x00000007b4800000,0x00000007b5f80000)
 ParOldGen       total 183296K, used 35480K [0x0000000760000000, 0x000000076b300000, 0x00000007a0000000)
  object space 183296K, 19% used [0x0000000760000000,0x00000007622a62a0,0x000000076b300000)
 Metaspace       used 63323K, capacity 65646K, committed 65792K, reserved 1105920K
  class space    used 8424K, capacity 8942K, committed 8960K, reserved 1048576K
}
Event: 363.808 GC heap before
{Heap before GC invocations=14 (full 3):
 PSYoungGen      total 339968K, used 339467K [0x00000007a0000000, 0x00000007b7700000, 0x00000007c0000000)
  eden space 326144K, 100% used [0x00000007a0000000,0x00000007b3e80000,0x00000007b3e80000)
  from space 13824K, 96% used [0x00000007b6980000,0x00000007b7682ed8,0x00000007b7700000)
  to   space 24064K, 0% used [0x00000007b4800000,0x00000007b4800000,0x00000007b5f80000)
 ParOldGen       total 183296K, used 35480K [0x0000000760000000, 0x000000076b300000, 0x00000007a0000000)
  object space 183296K, 19% used [0x0000000760000000,0x00000007622a62a0,0x000000076b300000)
 Metaspace       used 63595K, capacity 65894K, committed 66176K, reserved 1105920K
  class space    used 8454K, capacity 9016K, committed 9088K, reserved 1048576K
Event: 363.812 GC heap after
Heap after GC invocations=14 (full 3):
 PSYoungGen      total 359936K, used 501K [0x00000007a0000000, 0x00000007bd580000, 0x00000007c0000000)
  eden space 335872K, 0% used [0x00000007a0000000,0x00000007a0000000,0x00000007b4800000)
  from space 24064K, 2% used [0x00000007b4800000,0x00000007b487d728,0x00000007b5f80000)
  to   space 25088K, 0% used [0x00000007bbd00000,0x00000007bbd00000,0x00000007bd580000)
 ParOldGen       total 183296K, used 37217K [0x0000000760000000, 0x000000076b300000, 0x00000007a0000000)
  object space 183296K, 20% used [0x0000000760000000,0x00000007624585c8,0x000000076b300000)
 Metaspace       used 63595K, capacity 65894K, committed 66176K, reserved 1105920K
  class space    used 8454K, capacity 9016K, committed 9088K, reserved 1048576K
}
Event: 459.820 GC heap before
{Heap before GC invocations=15 (full 3):
 PSYoungGen      total 359936K, used 336094K [0x00000007a0000000, 0x00000007bd580000, 0x00000007c0000000)
  eden space 335872K, 99% used [0x00000007a0000000,0x00000007b47ba418,0x00000007b4800000)
  from space 24064K, 2% used [0x00000007b4800000,0x00000007b487d728,0x00000007b5f80000)
  to   space 25088K, 0% used [0x00000007bbd00000,0x00000007bbd00000,0x00000007bd580000)
 ParOldGen       total 183296K, used 37217K [0x0000000760000000, 0x000000076b300000, 0x00000007a0000000)
  object space 183296K, 20% used [0x0000000760000000,0x00000007624585c8,0x000000076b300000)
 Metaspace       used 64076K, capacity 66454K, committed 66688K, reserved 1107968K
  class space    used 8463K, capacity 9032K, committed 9088K, reserved 1048576K
Event: 459.826 GC heap after
Heap after GC invocations=15 (full 3):
 PSYoungGen      total 451584K, used 6217K [0x00000007a0000000, 0x00000007bd300000, 0x00000007c0000000)
  eden space 429056K, 0% used [0x00000007a0000000,0x00000007a0000000,0x00000007ba300000)
  from space 22528K, 27% used [0x00000007bbd00000,0x00000007bc312730,0x00000007bd300000)
  to   space 24576K, 0% used [0x00000007ba300000,0x00000007ba300000,0x00000007bbb00000)
 ParOldGen       total 183296K, used 37400K [0x0000000760000000, 0x000000076b300000, 0x00000007a0000000)
  object space 183296K, 20% used [0x0000000760000000,0x00000007624861e0,0x000000076b300000)
 Metaspace       used 64076K, capacity 66454K, committed 66688K, reserved 1107968K
  class space    used 8463K, capacity 9032K, committed 9088K, reserved 1048576K
}
Event: 568.033 GC heap before
{Heap before GC invocations=16 (full 3):
 PSYoungGen      total 451584K, used 434947K [0x00000007a0000000, 0x00000007bd300000, 0x00000007c0000000)
  eden space 429056K, 99% used [0x00000007a0000000,0x00000007ba2ae868,0x00000007ba300000)
  from space 22528K, 27% used [0x00000007bbd00000,0x00000007bc312730,0x00000007bd300000)
  to   space 24576K, 0% used [0x00000007ba300000,0x00000007ba300000,0x00000007bbb00000)
 ParOldGen       total 183296K, used 37400K [0x0000000760000000, 0x000000076b300000, 0x00000007a0000000)
  object space 183296K, 20% used [0x0000000760000000,0x00000007624861e0,0x000000076b300000)
 Metaspace       used 64459K, capacity 66946K, committed 67200K, reserved 1107968K
  class space    used 8472K, capacity 9050K, committed 9088K, reserved 1048576K
Event: 568.039 GC heap after
Heap after GC invocations=16 (full 3):
 PSYoungGen      total 453632K, used 6396K [0x00000007a0000000, 0x00000007c0000000, 0x00000007c0000000)
  eden space 429056K, 0% used [0x00000007a0000000,0x00000007a0000000,0x00000007ba300000)
  from space 24576K, 26% used [0x00000007ba300000,0x00000007ba93f3b8,0x00000007bbb00000)
  to   space 24064K, 0% used [0x00000007be880000,0x00000007be880000,0x00000007c0000000)
 ParOldGen       total 183296K, used 37408K [0x0000000760000000, 0x000000076b300000, 0x00000007a0000000)
  object space 183296K, 20% used [0x0000000760000000,0x00000007624881e0,0x000000076b300000)
 Metaspace       used 64459K, capacity 66946K, committed 67200K, reserved 1107968K
  class space    used 8472K, capacity 9050K, committed 9088K, reserved 1048576K
}
Event: 1342.131 GC heap before
{Heap before GC invocations=17 (full 3):
 PSYoungGen      total 453632K, used 434829K [0x00000007a0000000, 0x00000007c0000000, 0x00000007c0000000)
  eden space 429056K, 99% used [0x00000007a0000000,0x00000007ba2643e8,0x00000007ba300000)
  from space 24576K, 26% used [0x00000007ba300000,0x00000007ba93f3b8,0x00000007bbb00000)
  to   space 24064K, 0% used [0x00000007be880000,0x00000007be880000,0x00000007c0000000)
 ParOldGen       total 183296K, used 37408K [0x0000000760000000, 0x000000076b300000, 0x00000007a0000000)
  object space 183296K, 20% used [0x0000000760000000,0x00000007624881e0,0x000000076b300000)
 Metaspace       used 64840K, capacity 67380K, committed 67456K, reserved 1107968K
  class space    used 8476K, capacity 9057K, committed 9088K, reserved 1048576K
Event: 1342.138 GC heap after
Heap after GC invocations=17 (full 3):
 PSYoungGen      total 497152K, used 8371K [0x00000007a0000000, 0x00000007bfd80000, 0x00000007c0000000)
  eden space 475648K, 0% used [0x00000007a0000000,0x00000007a0000000,0x00000007bd080000)
  from space 21504K, 38% used [0x00000007be880000,0x00000007bf0acea8,0x00000007bfd80000)
  to   space 23040K, 0% used [0x00000007bd080000,0x00000007bd080000,0x00000007be700000)
 ParOldGen       total 183296K, used 37416K [0x0000000760000000, 0x000000076b300000, 0x00000007a0000000)
  object space 183296K, 20% used [0x0000000760000000,0x000000076248a1e0,0x000000076b300000)
 Metaspace       used 64840K, capacity 67380K, committed 67456K, reserved 1107968K
  class space    used 8476K, capacity 9057K, committed 9088K, reserved 1048576K
}

