# JRE version: OpenJDK Runtime Environment (8.0_152-b06) (build 1.8.0_152-release-1136-b06)
# Java VM: OpenJDK 64-Bit Server VM (25.152-b06 mixed mode bsd-amd64 compressed oops)
Heap:
 PSYoungGen      total 390144K, used 107967K [0x00000007a0000000, 0x00000007bca80000, 0x00000007c0000000)
  eden space 334336K, 28% used [0x00000007a0000000,0x00000007a5deeae8,0x00000007b4680000)
  from space 55808K, 21% used [0x00000007b9400000,0x00000007b9f81378,0x00000007bca80000)
  to   space 67584K, 0% used [0x00000007b4680000,0x00000007b4680000,0x00000007b8880000)
 ParOldGen       total 260096K, used 168515K [0x0000000760000000, 0x000000076fe00000, 0x00000007a0000000)
  object space 260096K, 64% used [0x0000000760000000,0x000000076a490d20,0x000000076fe00000)
 Metaspace       used 85611K, capacity 89970K, committed 89984K, reserved 1128448K
  class space    used 11011K, capacity 11890K, committed 11904K, reserved 1048576K
GC Heap History (10 events):
Event: 2528.644 GC heap before
{Heap before GC invocations=33 (full 3):
 PSYoungGen      total 456704K, used 455873K [0x00000007a0000000, 0x00000007c0000000, 0x00000007c0000000)
  eden space 389120K, 99% used [0x00000007a0000000,0x00000007b7b34028,0x00000007b7c00000)
  from space 67584K, 99% used [0x00000007b7c00000,0x00000007bbdfc6e8,0x00000007bbe00000)
  to   space 67584K, 0% used [0x00000007bbe00000,0x00000007bbe00000,0x00000007c0000000)
 ParOldGen       total 260096K, used 167927K [0x0000000760000000, 0x000000076fe00000, 0x00000007a0000000)
  object space 260096K, 64% used [0x0000000760000000,0x000000076a3fdde0,0x000000076fe00000)
 Metaspace       used 84267K, capacity 88586K, committed 88832K, reserved 1126400K
  class space    used 10919K, capacity 11774K, committed 11776K, reserved 1048576K
Event: 2528.652 GC heap after
Heap after GC invocations=33 (full 3):
 PSYoungGen      total 434176K, used 16366K [0x00000007a0000000, 0x00000007c0000000, 0x00000007c0000000)
  eden space 366592K, 0% used [0x00000007a0000000,0x00000007a0000000,0x00000007b6600000)
  from space 67584K, 24% used [0x00000007bbe00000,0x00000007bcdfba30,0x00000007c0000000)
  to   space 78848K, 0% used [0x00000007b6600000,0x00000007b6600000,0x00000007bb300000)
 ParOldGen       total 260096K, used 168491K [0x0000000760000000, 0x000000076fe00000, 0x00000007a0000000)
  object space 260096K, 64% used [0x0000000760000000,0x000000076a48ad20,0x000000076fe00000)
 Metaspace       used 84267K, capacity 88586K, committed 88832K, reserved 1126400K
  class space    used 10919K, capacity 11774K, committed 11776K, reserved 1048576K
}
Event: 2581.947 GC heap before
{Heap before GC invocations=34 (full 3):
 PSYoungGen      total 434176K, used 363267K [0x00000007a0000000, 0x00000007c0000000, 0x00000007c0000000)
  eden space 366592K, 94% used [0x00000007a0000000,0x00000007b52c52a8,0x00000007b6600000)
  from space 67584K, 24% used [0x00000007bbe00000,0x00000007bcdfba30,0x00000007c0000000)
  to   space 78848K, 0% used [0x00000007b6600000,0x00000007b6600000,0x00000007bb300000)
 ParOldGen       total 260096K, used 168491K [0x0000000760000000, 0x000000076fe00000, 0x00000007a0000000)
  object space 260096K, 64% used [0x0000000760000000,0x000000076a48ad20,0x000000076fe00000)
 Metaspace       used 84514K, capacity 88892K, committed 89216K, reserved 1126400K
  class space    used 10928K, capacity 11791K, committed 11904K, reserved 1048576K
Event: 2581.956 GC heap after
Heap after GC invocations=34 (full 3):
 PSYoungGen      total 445440K, used 30287K [0x00000007a0000000, 0x00000007c0000000, 0x00000007c0000000)
  eden space 366592K, 0% used [0x00000007a0000000,0x00000007a0000000,0x00000007b6600000)
  from space 78848K, 38% used [0x00000007b6600000,0x00000007b8393f78,0x00000007bb300000)
  to   space 74240K, 0% used [0x00000007bb780000,0x00000007bb780000,0x00000007c0000000)
 ParOldGen       total 260096K, used 168499K [0x0000000760000000, 0x000000076fe00000, 0x00000007a0000000)
  object space 260096K, 64% used [0x0000000760000000,0x000000076a48cd20,0x000000076fe00000)
 Metaspace       used 84514K, capacity 88892K, committed 89216K, reserved 1126400K
  class space    used 10928K, capacity 11791K, committed 11904K, reserved 1048576K
}
Event: 2847.432 GC heap before
{Heap before GC invocations=35 (full 3):
 PSYoungGen      total 445440K, used 396879K [0x00000007a0000000, 0x00000007c0000000, 0x00000007c0000000)
  eden space 366592K, 100% used [0x00000007a0000000,0x00000007b6600000,0x00000007b6600000)
  from space 78848K, 38% used [0x00000007b6600000,0x00000007b8393f78,0x00000007bb300000)
  to   space 74240K, 0% used [0x00000007bb780000,0x00000007bb780000,0x00000007c0000000)
 ParOldGen       total 260096K, used 168499K [0x0000000760000000, 0x000000076fe00000, 0x00000007a0000000)
  object space 260096K, 64% used [0x0000000760000000,0x000000076a48cd20,0x000000076fe00000)
 Metaspace       used 84597K, capacity 88904K, committed 89216K, reserved 1126400K
  class space    used 10930K, capacity 11793K, committed 11904K, reserved 1048576K
Event: 2847.440 GC heap after
Heap after GC invocations=35 (full 3):
 PSYoungGen      total 407040K, used 10004K [0x00000007a0000000, 0x00000007bea00000, 0x00000007c0000000)
  eden space 355328K, 0% used [0x00000007a0000000,0x00000007a0000000,0x00000007b5b00000)
  from space 51712K, 19% used [0x00000007bb780000,0x00000007bc1451f0,0x00000007bea00000)
  to   space 73216K, 0% used [0x00000007b5b00000,0x00000007b5b00000,0x00000007ba280000)
 ParOldGen       total 260096K, used 168507K [0x0000000760000000, 0x000000076fe00000, 0x00000007a0000000)
  object space 260096K, 64% used [0x0000000760000000,0x000000076a48ed20,0x000000076fe00000)
 Metaspace       used 84597K, capacity 88904K, committed 89216K, reserved 1126400K
  class space    used 10930K, capacity 11793K, committed 11904K, reserved 1048576K
}
Event: 2850.228 GC heap before
{Heap before GC invocations=36 (full 3):
 PSYoungGen      total 407040K, used 364917K [0x00000007a0000000, 0x00000007bea00000, 0x00000007c0000000)
  eden space 355328K, 99% used [0x00000007a0000000,0x00000007b5a98330,0x00000007b5b00000)
  from space 51712K, 19% used [0x00000007bb780000,0x00000007bc1451f0,0x00000007bea00000)
  to   space 73216K, 0% used [0x00000007b5b00000,0x00000007b5b00000,0x00000007ba280000)
 ParOldGen       total 260096K, used 168507K [0x0000000760000000, 0x000000076fe00000, 0x00000007a0000000)
  object space 260096K, 64% used [0x0000000760000000,0x000000076a48ed20,0x000000076fe00000)
 Metaspace       used 84798K, capacity 89164K, committed 89472K, reserved 1126400K
  class space    used 10931K, capacity 11793K, committed 11904K, reserved 1048576K
Event: 2850.236 GC heap after
Heap after GC invocations=36 (full 3):
 PSYoungGen      total 368128K, used 23433K [0x00000007a0000000, 0x00000007bd780000, 0x00000007c0000000)
  eden space 344576K, 0% used [0x00000007a0000000,0x00000007a0000000,0x00000007b5080000)
  from space 23552K, 99% used [0x00000007b5b00000,0x00000007b71e2578,0x00000007b7200000)
  to   space 69120K, 0% used [0x00000007b9400000,0x00000007b9400000,0x00000007bd780000)
 ParOldGen       total 260096K, used 168515K [0x0000000760000000, 0x000000076fe00000, 0x00000007a0000000)
  object space 260096K, 64% used [0x0000000760000000,0x000000076a490d20,0x000000076fe00000)
 Metaspace       used 84798K, capacity 89164K, committed 89472K, reserved 1126400K
  class space    used 10931K, capacity 11793K, committed 11904K, reserved 1048576K
}
Event: 2851.787 GC heap before
{Heap before GC invocations=37 (full 3):
 PSYoungGen      total 368128K, used 368009K [0x00000007a0000000, 0x00000007bd780000, 0x00000007c0000000)
  eden space 344576K, 100% used [0x00000007a0000000,0x00000007b5080000,0x00000007b5080000)
  from space 23552K, 99% used [0x00000007b5b00000,0x00000007b71e2578,0x00000007b7200000)
  to   space 69120K, 0% used [0x00000007b9400000,0x00000007b9400000,0x00000007bd780000)
 ParOldGen       total 260096K, used 168515K [0x0000000760000000, 0x000000076fe00000, 0x00000007a0000000)
  object space 260096K, 64% used [0x0000000760000000,0x000000076a490d20,0x000000076fe00000)
 Metaspace       used 84801K, capacity 89228K, committed 89472K, reserved 1126400K
  class space    used 10931K, capacity 11793K, committed 11904K, reserved 1048576K
Event: 2851.798 GC heap after
Heap after GC invocations=37 (full 3):
 PSYoungGen      total 390144K, used 11780K [0x00000007a0000000, 0x00000007bca80000, 0x00000007c0000000)
  eden space 334336K, 0% used [0x00000007a0000000,0x00000007a0000000,0x00000007b4680000)
  from space 55808K, 21% used [0x00000007b9400000,0x00000007b9f81378,0x00000007bca80000)
  to   space 67584K, 0% used [0x00000007b4680000,0x00000007b4680000,0x00000007b8880000)
 ParOldGen       total 260096K, used 168515K [0x0000000760000000, 0x000000076fe00000, 0x00000007a0000000)
  object space 260096K, 64% used [0x0000000760000000,0x000000076a490d20,0x000000076fe00000)
 Metaspace       used 84801K, capacity 89228K, committed 89472K, reserved 1126400K
  class space    used 10931K, capacity 11793K, committed 11904K, reserved 1048576K
}

